{"C:\\Users\\Ajo\\Desktop\\BC\\Blockchain-Project\\config.js": {"path":"C:\\Users\\Ajo\\Desktop\\BC\\Blockchain-Project\\config.js","statementMap":{"0":{"start":{"line":1,"column":26},"end":{"line":1,"column":27}},"1":{"start":{"line":2,"column":18},"end":{"line":2,"column":22}},"2":{"start":{"line":3,"column":25},"end":{"line":3,"column":29}},"3":{"start":{"line":5,"column":21},"end":{"line":5,"column":53}},"4":{"start":{"line":6,"column":21},"end":{"line":6,"column":23}},"5":{"start":{"line":8,"column":21},"end":{"line":15,"column":1}},"6":{"start":{"line":17,"column":0},"end":{"line":17,"column":89}}},"fnMap":{},"branchMap":{},"s":{"0":5,"1":5,"2":5,"3":5,"4":5,"5":5,"6":5},"f":{},"b":{},"_coverageSchema":"1a1c01bbd47fc00a2c39e90264f33305004495a9","hash":"ab48f1e69944837eb16dd3fdbbbce579ae6a32c7"}
,"C:\\Users\\Ajo\\Desktop\\BC\\Blockchain-Project\\blockchain\\block.js": {"path":"C:\\Users\\Ajo\\Desktop\\BC\\Blockchain-Project\\blockchain\\block.js","statementMap":{"0":{"start":{"line":1,"column":34},"end":{"line":1,"column":56}},"1":{"start":{"line":2,"column":19},"end":{"line":2,"column":51}},"2":{"start":{"line":3,"column":20},"end":{"line":3,"column":44}},"3":{"start":{"line":7,"column":4},"end":{"line":7,"column":31}},"4":{"start":{"line":8,"column":4},"end":{"line":8,"column":29}},"5":{"start":{"line":9,"column":4},"end":{"line":9,"column":21}},"6":{"start":{"line":10,"column":4},"end":{"line":10,"column":21}},"7":{"start":{"line":11,"column":4},"end":{"line":11,"column":33}},"8":{"start":{"line":12,"column":4},"end":{"line":12,"column":23}},"9":{"start":{"line":16,"column":4},"end":{"line":16,"column":34}},"10":{"start":{"line":22,"column":21},"end":{"line":22,"column":35}},"11":{"start":{"line":23,"column":21},"end":{"line":23,"column":41}},"12":{"start":{"line":25,"column":16},"end":{"line":25,"column":17}},"13":{"start":{"line":27,"column":4},"end":{"line":32,"column":83}},"14":{"start":{"line":28,"column":6},"end":{"line":28,"column":15}},"15":{"start":{"line":29,"column":6},"end":{"line":29,"column":29}},"16":{"start":{"line":30,"column":6},"end":{"line":30,"column":91}},"17":{"start":{"line":31,"column":6},"end":{"line":31,"column":69}},"18":{"start":{"line":35,"column":4},"end":{"line":42,"column":6}},"19":{"start":{"line":46,"column":25},"end":{"line":46,"column":38}},"20":{"start":{"line":47,"column":4},"end":{"line":47,"column":32}},"21":{"start":{"line":47,"column":23},"end":{"line":47,"column":32}},"22":{"start":{"line":48,"column":4},"end":{"line":48,"column":80}},"23":{"start":{"line":48,"column":58},"end":{"line":48,"column":80}},"24":{"start":{"line":49,"column":4},"end":{"line":49,"column":26}},"25":{"start":{"line":53,"column":0},"end":{"line":53,"column":23}}},"fnMap":{"0":{"name":"(anonymous_0)","decl":{"start":{"line":6,"column":2},"end":{"line":6,"column":3}},"loc":{"start":{"line":6,"column":67},"end":{"line":13,"column":3}},"line":6},"1":{"name":"(anonymous_1)","decl":{"start":{"line":15,"column":2},"end":{"line":15,"column":3}},"loc":{"start":{"line":15,"column":18},"end":{"line":17,"column":3}},"line":15},"2":{"name":"(anonymous_2)","decl":{"start":{"line":19,"column":2},"end":{"line":19,"column":3}},"loc":{"start":{"line":19,"column":37},"end":{"line":43,"column":3}},"line":19},"3":{"name":"(anonymous_3)","decl":{"start":{"line":45,"column":2},"end":{"line":45,"column":3}},"loc":{"start":{"line":45,"column":53},"end":{"line":50,"column":3}},"line":45}},"branchMap":{"0":{"loc":{"start":{"line":47,"column":4},"end":{"line":47,"column":32}},"type":"if","locations":[{"start":{"line":47,"column":4},"end":{"line":47,"column":32}},{"start":{},"end":{}}],"line":47},"1":{"loc":{"start":{"line":48,"column":4},"end":{"line":48,"column":80}},"type":"if","locations":[{"start":{"line":48,"column":4},"end":{"line":48,"column":80}},{"start":{},"end":{}}],"line":48}},"s":{"0":4,"1":4,"2":4,"3":95,"4":95,"5":95,"6":95,"7":95,"8":95,"9":56,"10":37,"11":37,"12":37,"13":37,"14":371,"15":371,"16":371,"17":371,"18":37,"19":374,"20":374,"21":1,"22":373,"23":88,"24":285,"25":4},"f":{"0":95,"1":56,"2":37,"3":374},"b":{"0":[1,373],"1":[88,285]},"_coverageSchema":"1a1c01bbd47fc00a2c39e90264f33305004495a9","hash":"32c985067254f425cac6eac8c07fd39cff30fbc8"}
,"C:\\Users\\Ajo\\Desktop\\BC\\Blockchain-Project\\blockchain\\index.js": {"path":"C:\\Users\\Ajo\\Desktop\\BC\\Blockchain-Project\\blockchain\\index.js","statementMap":{"0":{"start":{"line":1,"column":14},"end":{"line":1,"column":32}},"1":{"start":{"line":2,"column":19},"end":{"line":2,"column":51}},"2":{"start":{"line":3,"column":39},"end":{"line":3,"column":59}},"3":{"start":{"line":4,"column":20},"end":{"line":4,"column":54}},"4":{"start":{"line":5,"column":15},"end":{"line":5,"column":35}},"5":{"start":{"line":9,"column":4},"end":{"line":9,"column":35}},"6":{"start":{"line":13,"column":21},"end":{"line":15,"column":6}},"7":{"start":{"line":17,"column":4},"end":{"line":17,"column":30}},"8":{"start":{"line":21,"column":4},"end":{"line":23,"column":5}},"9":{"start":{"line":22,"column":6},"end":{"line":22,"column":19}},"10":{"start":{"line":25,"column":4},"end":{"line":42,"column":5}},"11":{"start":{"line":25,"column":14},"end":{"line":25,"column":15}},"12":{"start":{"line":26,"column":20},"end":{"line":26,"column":28}},"13":{"start":{"line":27,"column":29},"end":{"line":27,"column":44}},"14":{"start":{"line":28,"column":29},"end":{"line":28,"column":50}},"15":{"start":{"line":37,"column":67},"end":{"line":37,"column":72}},"16":{"start":{"line":39,"column":6},"end":{"line":39,"column":51}},"17":{"start":{"line":39,"column":38},"end":{"line":39,"column":51}},"18":{"start":{"line":40,"column":6},"end":{"line":40,"column":65}},"19":{"start":{"line":40,"column":52},"end":{"line":40,"column":65}},"20":{"start":{"line":41,"column":6},"end":{"line":41,"column":89}},"21":{"start":{"line":41,"column":76},"end":{"line":41,"column":89}},"22":{"start":{"line":44,"column":4},"end":{"line":44,"column":16}},"23":{"start":{"line":49,"column":4},"end":{"line":52,"column":5}},"24":{"start":{"line":50,"column":6},"end":{"line":50,"column":57}},"25":{"start":{"line":51,"column":6},"end":{"line":51,"column":13}},"26":{"start":{"line":54,"column":4},"end":{"line":57,"column":5}},"27":{"start":{"line":55,"column":6},"end":{"line":55,"column":56}},"28":{"start":{"line":56,"column":6},"end":{"line":56,"column":13}},"29":{"start":{"line":59,"column":4},"end":{"line":62,"column":5}},"30":{"start":{"line":60,"column":6},"end":{"line":60,"column":59}},"31":{"start":{"line":61,"column":6},"end":{"line":61,"column":13}},"32":{"start":{"line":64,"column":4},"end":{"line":64,"column":30}},"33":{"start":{"line":64,"column":18},"end":{"line":64,"column":30}},"34":{"start":{"line":65,"column":4},"end":{"line":65,"column":48}},"35":{"start":{"line":66,"column":4},"end":{"line":66,"column":23}},"36":{"start":{"line":70,"column":4},"end":{"line":112,"column":5}},"37":{"start":{"line":70,"column":14},"end":{"line":70,"column":15}},"38":{"start":{"line":71,"column":20},"end":{"line":71,"column":28}},"39":{"start":{"line":73,"column":29},"end":{"line":73,"column":38}},"40":{"start":{"line":76,"column":35},"end":{"line":76,"column":36}},"41":{"start":{"line":78,"column":6},"end":{"line":111,"column":7}},"42":{"start":{"line":79,"column":8},"end":{"line":110,"column":9}},"43":{"start":{"line":80,"column":10},"end":{"line":80,"column":38}},"44":{"start":{"line":81,"column":10},"end":{"line":84,"column":11}},"45":{"start":{"line":82,"column":12},"end":{"line":82,"column":55}},"46":{"start":{"line":83,"column":12},"end":{"line":83,"column":25}},"47":{"start":{"line":85,"column":10},"end":{"line":88,"column":11}},"48":{"start":{"line":86,"column":12},"end":{"line":86,"column":53}},"49":{"start":{"line":87,"column":12},"end":{"line":87,"column":25}},"50":{"start":{"line":90,"column":10},"end":{"line":93,"column":11}},"51":{"start":{"line":91,"column":12},"end":{"line":91,"column":49}},"52":{"start":{"line":92,"column":12},"end":{"line":92,"column":25}},"53":{"start":{"line":95,"column":30},"end":{"line":98,"column":12}},"54":{"start":{"line":100,"column":10},"end":{"line":103,"column":11}},"55":{"start":{"line":101,"column":12},"end":{"line":101,"column":50}},"56":{"start":{"line":102,"column":12},"end":{"line":102,"column":25}},"57":{"start":{"line":104,"column":10},"end":{"line":109,"column":11}},"58":{"start":{"line":105,"column":12},"end":{"line":105,"column":87}},"59":{"start":{"line":106,"column":12},"end":{"line":106,"column":25}},"60":{"start":{"line":108,"column":12},"end":{"line":108,"column":44}},"61":{"start":{"line":114,"column":4},"end":{"line":114,"column":16}},"62":{"start":{"line":118,"column":0},"end":{"line":118,"column":28}}},"fnMap":{"0":{"name":"(anonymous_0)","decl":{"start":{"line":8,"column":2},"end":{"line":8,"column":3}},"loc":{"start":{"line":8,"column":15},"end":{"line":10,"column":3}},"line":8},"1":{"name":"(anonymous_1)","decl":{"start":{"line":12,"column":2},"end":{"line":12,"column":3}},"loc":{"start":{"line":12,"column":18},"end":{"line":18,"column":3}},"line":12},"2":{"name":"(anonymous_2)","decl":{"start":{"line":20,"column":2},"end":{"line":20,"column":3}},"loc":{"start":{"line":20,"column":28},"end":{"line":46,"column":3}},"line":20},"3":{"name":"(anonymous_3)","decl":{"start":{"line":48,"column":2},"end":{"line":48,"column":3}},"loc":{"start":{"line":48,"column":51},"end":{"line":67,"column":3}},"line":48},"4":{"name":"(anonymous_4)","decl":{"start":{"line":69,"column":2},"end":{"line":69,"column":3}},"loc":{"start":{"line":69,"column":31},"end":{"line":115,"column":3}},"line":69}},"branchMap":{"0":{"loc":{"start":{"line":21,"column":4},"end":{"line":23,"column":5}},"type":"if","locations":[{"start":{"line":21,"column":4},"end":{"line":23,"column":5}},{"start":{},"end":{}}],"line":21},"1":{"loc":{"start":{"line":39,"column":6},"end":{"line":39,"column":51}},"type":"if","locations":[{"start":{"line":39,"column":6},"end":{"line":39,"column":51}},{"start":{},"end":{}}],"line":39},"2":{"loc":{"start":{"line":40,"column":6},"end":{"line":40,"column":65}},"type":"if","locations":[{"start":{"line":40,"column":6},"end":{"line":40,"column":65}},{"start":{},"end":{}}],"line":40},"3":{"loc":{"start":{"line":41,"column":6},"end":{"line":41,"column":89}},"type":"if","locations":[{"start":{"line":41,"column":6},"end":{"line":41,"column":89}},{"start":{},"end":{}}],"line":41},"4":{"loc":{"start":{"line":49,"column":4},"end":{"line":52,"column":5}},"type":"if","locations":[{"start":{"line":49,"column":4},"end":{"line":52,"column":5}},{"start":{},"end":{}}],"line":49},"5":{"loc":{"start":{"line":54,"column":4},"end":{"line":57,"column":5}},"type":"if","locations":[{"start":{"line":54,"column":4},"end":{"line":57,"column":5}},{"start":{},"end":{}}],"line":54},"6":{"loc":{"start":{"line":59,"column":4},"end":{"line":62,"column":5}},"type":"if","locations":[{"start":{"line":59,"column":4},"end":{"line":62,"column":5}},{"start":{},"end":{}}],"line":59},"7":{"loc":{"start":{"line":59,"column":7},"end":{"line":59,"column":63}},"type":"binary-expr","locations":[{"start":{"line":59,"column":7},"end":{"line":59,"column":24}},{"start":{"line":59,"column":28},"end":{"line":59,"column":63}}],"line":59},"8":{"loc":{"start":{"line":64,"column":4},"end":{"line":64,"column":30}},"type":"if","locations":[{"start":{"line":64,"column":4},"end":{"line":64,"column":30}},{"start":{},"end":{}}],"line":64},"9":{"loc":{"start":{"line":79,"column":8},"end":{"line":110,"column":9}},"type":"if","locations":[{"start":{"line":79,"column":8},"end":{"line":110,"column":9}},{"start":{"line":89,"column":13},"end":{"line":110,"column":9}}],"line":79},"10":{"loc":{"start":{"line":81,"column":10},"end":{"line":84,"column":11}},"type":"if","locations":[{"start":{"line":81,"column":10},"end":{"line":84,"column":11}},{"start":{},"end":{}}],"line":81},"11":{"loc":{"start":{"line":85,"column":10},"end":{"line":88,"column":11}},"type":"if","locations":[{"start":{"line":85,"column":10},"end":{"line":88,"column":11}},{"start":{},"end":{}}],"line":85},"12":{"loc":{"start":{"line":90,"column":10},"end":{"line":93,"column":11}},"type":"if","locations":[{"start":{"line":90,"column":10},"end":{"line":93,"column":11}},{"start":{},"end":{}}],"line":90},"13":{"loc":{"start":{"line":100,"column":10},"end":{"line":103,"column":11}},"type":"if","locations":[{"start":{"line":100,"column":10},"end":{"line":103,"column":11}},{"start":{},"end":{}}],"line":100},"14":{"loc":{"start":{"line":104,"column":10},"end":{"line":109,"column":11}},"type":"if","locations":[{"start":{"line":104,"column":10},"end":{"line":109,"column":11}},{"start":{"line":107,"column":15},"end":{"line":109,"column":11}}],"line":104}},"s":{"0":3,"1":3,"2":3,"3":3,"4":3,"5":44,"6":36,"7":36,"8":9,"9":1,"10":8,"11":8,"12":16,"13":16,"14":16,"15":16,"16":16,"17":1,"18":15,"19":1,"20":14,"21":3,"22":3,"23":5,"24":1,"25":1,"26":4,"27":2,"28":2,"29":2,"30":1,"31":1,"32":1,"33":0,"34":1,"35":1,"36":6,"37":6,"38":6,"39":6,"40":6,"41":6,"42":11,"43":4,"44":4,"45":1,"46":1,"47":3,"48":1,"49":1,"50":7,"51":1,"52":1,"53":6,"54":6,"55":1,"56":1,"57":5,"58":1,"59":1,"60":4,"61":1,"62":3},"f":{"0":44,"1":36,"2":9,"3":5,"4":6},"b":{"0":[1,8],"1":[1,15],"2":[1,14],"3":[3,11],"4":[1,4],"5":[2,2],"6":[1,1],"7":[2,1],"8":[0,1],"9":[4,7],"10":[1,3],"11":[1,2],"12":[1,6],"13":[1,5],"14":[1,4]},"_coverageSchema":"1a1c01bbd47fc00a2c39e90264f33305004495a9","hash":"9531d5096b30fae19c9f1c9ab8fb4d425757dabc"}
,"C:\\Users\\Ajo\\Desktop\\BC\\Blockchain-Project\\util\\crypto-hash.js": {"path":"C:\\Users\\Ajo\\Desktop\\BC\\Blockchain-Project\\util\\crypto-hash.js","statementMap":{"0":{"start":{"line":1,"column":15},"end":{"line":1,"column":32}},"1":{"start":{"line":4,"column":19},"end":{"line":10,"column":1}},"2":{"start":{"line":5,"column":15},"end":{"line":5,"column":42}},"3":{"start":{"line":6,"column":2},"end":{"line":6,"column":75}},"4":{"start":{"line":6,"column":34},"end":{"line":6,"column":55}},"5":{"start":{"line":7,"column":2},"end":{"line":7,"column":28}},"6":{"start":{"line":12,"column":0},"end":{"line":12,"column":28}}},"fnMap":{"0":{"name":"(anonymous_0)","decl":{"start":{"line":4,"column":19},"end":{"line":4,"column":20}},"loc":{"start":{"line":4,"column":34},"end":{"line":10,"column":1}},"line":4},"1":{"name":"(anonymous_1)","decl":{"start":{"line":6,"column":25},"end":{"line":6,"column":26}},"loc":{"start":{"line":6,"column":34},"end":{"line":6,"column":55}},"line":6}},"branchMap":{},"s":{"0":6,"1":6,"2":488,"3":488,"4":2040,"5":488,"6":6},"f":{"0":488,"1":2040},"b":{},"_coverageSchema":"1a1c01bbd47fc00a2c39e90264f33305004495a9","hash":"2fe759498154c0a0f6ab6aa7cef93e72fb5812ac"}
,"C:\\Users\\Ajo\\Desktop\\BC\\Blockchain-Project\\util\\index.js": {"path":"C:\\Users\\Ajo\\Desktop\\BC\\Blockchain-Project\\util\\index.js","statementMap":{"0":{"start":{"line":1,"column":11},"end":{"line":1,"column":33}},"1":{"start":{"line":2,"column":19},"end":{"line":2,"column":43}},"2":{"start":{"line":4,"column":11},"end":{"line":4,"column":30}},"3":{"start":{"line":6,"column":24},"end":{"line":9,"column":1}},"4":{"start":{"line":7,"column":24},"end":{"line":7,"column":58}},"5":{"start":{"line":8,"column":2},"end":{"line":8,"column":59}},"6":{"start":{"line":11,"column":0},"end":{"line":11,"column":51}}},"fnMap":{"0":{"name":"(anonymous_0)","decl":{"start":{"line":6,"column":24},"end":{"line":6,"column":25}},"loc":{"start":{"line":6,"column":58},"end":{"line":9,"column":1}},"line":6}},"branchMap":{},"s":{"0":4,"1":4,"2":4,"3":4,"4":17,"5":17,"6":4},"f":{"0":17},"b":{},"_coverageSchema":"1a1c01bbd47fc00a2c39e90264f33305004495a9","hash":"9037ac16d1f1be388aaf5271bf1324e573cfe4ce"}
,"C:\\Users\\Ajo\\Desktop\\BC\\Blockchain-Project\\wallet\\index.js": {"path":"C:\\Users\\Ajo\\Desktop\\BC\\Blockchain-Project\\wallet\\index.js","statementMap":{"0":{"start":{"line":1,"column":27},"end":{"line":1,"column":49}},"1":{"start":{"line":2,"column":13},"end":{"line":2,"column":33}},"2":{"start":{"line":3,"column":19},"end":{"line":3,"column":51}},"3":{"start":{"line":4,"column":20},"end":{"line":4,"column":44}},"4":{"start":{"line":9,"column":4},"end":{"line":9,"column":36}},"5":{"start":{"line":10,"column":4},"end":{"line":10,"column":35}},"6":{"start":{"line":11,"column":4},"end":{"line":11,"column":60}},"7":{"start":{"line":15,"column":4},"end":{"line":15,"column":47}},"8":{"start":{"line":19,"column":4},"end":{"line":23,"column":5}},"9":{"start":{"line":20,"column":6},"end":{"line":22,"column":8}},"10":{"start":{"line":24,"column":4},"end":{"line":26,"column":5}},"11":{"start":{"line":25,"column":6},"end":{"line":25,"column":49}},"12":{"start":{"line":27,"column":4},"end":{"line":27,"column":67}},"13":{"start":{"line":31,"column":34},"end":{"line":31,"column":39}},"14":{"start":{"line":32,"column":22},"end":{"line":32,"column":23}},"15":{"start":{"line":34,"column":4},"end":{"line":50,"column":5}},"16":{"start":{"line":34,"column":14},"end":{"line":34,"column":28}},"17":{"start":{"line":35,"column":20},"end":{"line":35,"column":28}},"18":{"start":{"line":37,"column":6},"end":{"line":45,"column":7}},"19":{"start":{"line":38,"column":8},"end":{"line":40,"column":9}},"20":{"start":{"line":39,"column":10},"end":{"line":39,"column":41}},"21":{"start":{"line":41,"column":30},"end":{"line":41,"column":60}},"22":{"start":{"line":42,"column":8},"end":{"line":44,"column":9}},"23":{"start":{"line":43,"column":10},"end":{"line":43,"column":52}},"24":{"start":{"line":47,"column":6},"end":{"line":49,"column":7}},"25":{"start":{"line":48,"column":8},"end":{"line":48,"column":14}},"26":{"start":{"line":52,"column":4},"end":{"line":52,"column":82}},"27":{"start":{"line":56,"column":0},"end":{"line":56,"column":24}}},"fnMap":{"0":{"name":"(anonymous_0)","decl":{"start":{"line":8,"column":2},"end":{"line":8,"column":3}},"loc":{"start":{"line":8,"column":15},"end":{"line":12,"column":3}},"line":8},"1":{"name":"(anonymous_1)","decl":{"start":{"line":14,"column":2},"end":{"line":14,"column":3}},"loc":{"start":{"line":14,"column":12},"end":{"line":16,"column":3}},"line":14},"2":{"name":"(anonymous_2)","decl":{"start":{"line":18,"column":2},"end":{"line":18,"column":3}},"loc":{"start":{"line":18,"column":48},"end":{"line":28,"column":3}},"line":18},"3":{"name":"(anonymous_3)","decl":{"start":{"line":30,"column":2},"end":{"line":30,"column":3}},"loc":{"start":{"line":30,"column":43},"end":{"line":53,"column":3}},"line":30}},"branchMap":{"0":{"loc":{"start":{"line":19,"column":4},"end":{"line":23,"column":5}},"type":"if","locations":[{"start":{"line":19,"column":4},"end":{"line":23,"column":5}},{"start":{},"end":{}}],"line":19},"1":{"loc":{"start":{"line":24,"column":4},"end":{"line":26,"column":5}},"type":"if","locations":[{"start":{"line":24,"column":4},"end":{"line":26,"column":5}},{"start":{},"end":{}}],"line":24},"2":{"loc":{"start":{"line":38,"column":8},"end":{"line":40,"column":9}},"type":"if","locations":[{"start":{"line":38,"column":8},"end":{"line":40,"column":9}},{"start":{},"end":{}}],"line":38},"3":{"loc":{"start":{"line":42,"column":8},"end":{"line":44,"column":9}},"type":"if","locations":[{"start":{"line":42,"column":8},"end":{"line":44,"column":9}},{"start":{},"end":{}}],"line":42},"4":{"loc":{"start":{"line":47,"column":6},"end":{"line":49,"column":7}},"type":"if","locations":[{"start":{"line":47,"column":6},"end":{"line":49,"column":7}},{"start":{},"end":{}}],"line":47},"5":{"loc":{"start":{"line":52,"column":11},"end":{"line":52,"column":81}},"type":"cond-expr","locations":[{"start":{"line":52,"column":37},"end":{"line":52,"column":48}},{"start":{"line":52,"column":51},"end":{"line":52,"column":81}}],"line":52}},"s":{"0":4,"1":4,"2":4,"3":4,"4":66,"5":66,"6":66,"7":79,"8":27,"9":1,"10":27,"11":1,"12":26,"13":10,"14":10,"15":10,"16":10,"17":4,"18":4,"19":6,"20":2,"21":6,"22":6,"23":6,"24":4,"25":2,"26":10,"27":4},"f":{"0":66,"1":79,"2":27,"3":10},"b":{"0":[1,26],"1":[1,26],"2":[2,4],"3":[6,0],"4":[2,2],"5":[2,8]},"_coverageSchema":"1a1c01bbd47fc00a2c39e90264f33305004495a9","hash":"18ea85170ac0fa3a9e407e0bf6202cf7ffdb55ee"}
,"C:\\Users\\Ajo\\Desktop\\BC\\Blockchain-Project\\wallet\\transaction-pool.js": {"path":"C:\\Users\\Ajo\\Desktop\\BC\\Blockchain-Project\\wallet\\transaction-pool.js","statementMap":{"0":{"start":{"line":1,"column":20},"end":{"line":1,"column":44}},"1":{"start":{"line":5,"column":4},"end":{"line":5,"column":28}},"2":{"start":{"line":9,"column":4},"end":{"line":9,"column":54}},"3":{"start":{"line":13,"column":25},"end":{"line":13,"column":59}},"4":{"start":{"line":14,"column":4},"end":{"line":14,"column":87}},"5":{"start":{"line":14,"column":44},"end":{"line":14,"column":86}},"6":{"start":{"line":18,"column":4},"end":{"line":18,"column":41}},"7":{"start":{"line":22,"column":4},"end":{"line":22,"column":110}},"8":{"start":{"line":22,"column":68},"end":{"line":22,"column":109}},"9":{"start":{"line":26,"column":4},"end":{"line":26,"column":29}},"10":{"start":{"line":30,"column":4},"end":{"line":38,"column":5}},"11":{"start":{"line":30,"column":14},"end":{"line":30,"column":15}},"12":{"start":{"line":31,"column":20},"end":{"line":31,"column":28}},"13":{"start":{"line":32,"column":6},"end":{"line":36,"column":7}},"14":{"start":{"line":33,"column":8},"end":{"line":35,"column":9}},"15":{"start":{"line":34,"column":10},"end":{"line":34,"column":52}},"16":{"start":{"line":42,"column":0},"end":{"line":42,"column":33}}},"fnMap":{"0":{"name":"(anonymous_0)","decl":{"start":{"line":4,"column":2},"end":{"line":4,"column":3}},"loc":{"start":{"line":4,"column":15},"end":{"line":6,"column":3}},"line":4},"1":{"name":"(anonymous_1)","decl":{"start":{"line":8,"column":2},"end":{"line":8,"column":3}},"loc":{"start":{"line":8,"column":29},"end":{"line":10,"column":3}},"line":8},"2":{"name":"(anonymous_2)","decl":{"start":{"line":12,"column":2},"end":{"line":12,"column":3}},"loc":{"start":{"line":12,"column":37},"end":{"line":15,"column":3}},"line":12},"3":{"name":"(anonymous_3)","decl":{"start":{"line":14,"column":29},"end":{"line":14,"column":30}},"loc":{"start":{"line":14,"column":44},"end":{"line":14,"column":86}},"line":14},"4":{"name":"(anonymous_4)","decl":{"start":{"line":17,"column":2},"end":{"line":17,"column":3}},"loc":{"start":{"line":17,"column":24},"end":{"line":19,"column":3}},"line":17},"5":{"name":"(anonymous_5)","decl":{"start":{"line":21,"column":2},"end":{"line":21,"column":3}},"loc":{"start":{"line":21,"column":21},"end":{"line":23,"column":3}},"line":21},"6":{"name":"(anonymous_6)","decl":{"start":{"line":22,"column":53},"end":{"line":22,"column":54}},"loc":{"start":{"line":22,"column":68},"end":{"line":22,"column":109}},"line":22},"7":{"name":"(anonymous_7)","decl":{"start":{"line":25,"column":2},"end":{"line":25,"column":3}},"loc":{"start":{"line":25,"column":9},"end":{"line":27,"column":3}},"line":25},"8":{"name":"(anonymous_8)","decl":{"start":{"line":29,"column":2},"end":{"line":29,"column":3}},"loc":{"start":{"line":29,"column":38},"end":{"line":39,"column":3}},"line":29}},"branchMap":{"0":{"loc":{"start":{"line":33,"column":8},"end":{"line":35,"column":9}},"type":"if","locations":[{"start":{"line":33,"column":8},"end":{"line":35,"column":9}},{"start":{},"end":{}}],"line":33}},"s":{"0":1,"1":5,"2":18,"3":1,"4":1,"5":1,"6":0,"7":1,"8":10,"9":1,"10":1,"11":1,"12":4,"13":4,"14":3,"15":3,"16":1},"f":{"0":5,"1":18,"2":1,"3":1,"4":0,"5":1,"6":10,"7":1,"8":1},"b":{"0":[3,0]},"_coverageSchema":"1a1c01bbd47fc00a2c39e90264f33305004495a9","hash":"d04e3fd8e1891edc0c4b88034a4e87ae9ab26935"}
,"C:\\Users\\Ajo\\Desktop\\BC\\Blockchain-Project\\wallet\\transaction.js": {"path":"C:\\Users\\Ajo\\Desktop\\BC\\Blockchain-Project\\wallet\\transaction.js","statementMap":{"0":{"start":{"line":1,"column":13},"end":{"line":1,"column":28}},"1":{"start":{"line":2,"column":26},"end":{"line":2,"column":46}},"2":{"start":{"line":3,"column":39},"end":{"line":3,"column":59}},"3":{"start":{"line":7,"column":4},"end":{"line":7,"column":19}},"4":{"start":{"line":8,"column":4},"end":{"line":8,"column":90}},"5":{"start":{"line":9,"column":4},"end":{"line":9,"column":85}},"6":{"start":{"line":13,"column":22},"end":{"line":13,"column":24}},"7":{"start":{"line":15,"column":4},"end":{"line":15,"column":34}},"8":{"start":{"line":16,"column":4},"end":{"line":16,"column":70}},"9":{"start":{"line":18,"column":4},"end":{"line":18,"column":21}},"10":{"start":{"line":22,"column":4},"end":{"line":27,"column":5}},"11":{"start":{"line":31,"column":61},"end":{"line":31,"column":72}},"12":{"start":{"line":32,"column":24},"end":{"line":32,"column":103}},"13":{"start":{"line":32,"column":82},"end":{"line":32,"column":102}},"14":{"start":{"line":34,"column":4},"end":{"line":37,"column":5}},"15":{"start":{"line":35,"column":6},"end":{"line":35,"column":59}},"16":{"start":{"line":36,"column":6},"end":{"line":36,"column":19}},"17":{"start":{"line":39,"column":4},"end":{"line":42,"column":5}},"18":{"start":{"line":40,"column":6},"end":{"line":40,"column":59}},"19":{"start":{"line":41,"column":6},"end":{"line":41,"column":19}},"20":{"start":{"line":44,"column":4},"end":{"line":44,"column":16}},"21":{"start":{"line":49,"column":4},"end":{"line":51,"column":5}},"22":{"start":{"line":50,"column":6},"end":{"line":50,"column":48}},"23":{"start":{"line":53,"column":4},"end":{"line":57,"column":5}},"24":{"start":{"line":54,"column":6},"end":{"line":54,"column":41}},"25":{"start":{"line":56,"column":6},"end":{"line":56,"column":68}},"26":{"start":{"line":58,"column":4},"end":{"line":58,"column":93}},"27":{"start":{"line":60,"column":4},"end":{"line":60,"column":76}},"28":{"start":{"line":64,"column":4},"end":{"line":67,"column":6}},"29":{"start":{"line":71,"column":0},"end":{"line":71,"column":29}}},"fnMap":{"0":{"name":"(anonymous_0)","decl":{"start":{"line":6,"column":2},"end":{"line":6,"column":3}},"loc":{"start":{"line":6,"column":66},"end":{"line":10,"column":3}},"line":6},"1":{"name":"(anonymous_1)","decl":{"start":{"line":12,"column":2},"end":{"line":12,"column":3}},"loc":{"start":{"line":12,"column":52},"end":{"line":19,"column":3}},"line":12},"2":{"name":"(anonymous_2)","decl":{"start":{"line":21,"column":2},"end":{"line":21,"column":3}},"loc":{"start":{"line":21,"column":40},"end":{"line":28,"column":3}},"line":21},"3":{"name":"(anonymous_3)","decl":{"start":{"line":30,"column":2},"end":{"line":30,"column":3}},"loc":{"start":{"line":30,"column":38},"end":{"line":46,"column":3}},"line":30},"4":{"name":"(anonymous_4)","decl":{"start":{"line":32,"column":57},"end":{"line":32,"column":58}},"loc":{"start":{"line":32,"column":82},"end":{"line":32,"column":102}},"line":32},"5":{"name":"(anonymous_5)","decl":{"start":{"line":48,"column":2},"end":{"line":48,"column":3}},"loc":{"start":{"line":48,"column":45},"end":{"line":61,"column":3}},"line":48},"6":{"name":"(anonymous_6)","decl":{"start":{"line":63,"column":2},"end":{"line":63,"column":3}},"loc":{"start":{"line":63,"column":41},"end":{"line":68,"column":3}},"line":63}},"branchMap":{"0":{"loc":{"start":{"line":8,"column":21},"end":{"line":8,"column":89}},"type":"binary-expr","locations":[{"start":{"line":8,"column":21},"end":{"line":8,"column":30}},{"start":{"line":8,"column":34},"end":{"line":8,"column":89}}],"line":8},"1":{"loc":{"start":{"line":9,"column":17},"end":{"line":9,"column":84}},"type":"binary-expr","locations":[{"start":{"line":9,"column":17},"end":{"line":9,"column":22}},{"start":{"line":9,"column":26},"end":{"line":9,"column":84}}],"line":9},"2":{"loc":{"start":{"line":34,"column":4},"end":{"line":37,"column":5}},"type":"if","locations":[{"start":{"line":34,"column":4},"end":{"line":37,"column":5}},{"start":{},"end":{}}],"line":34},"3":{"loc":{"start":{"line":39,"column":4},"end":{"line":42,"column":5}},"type":"if","locations":[{"start":{"line":39,"column":4},"end":{"line":42,"column":5}},{"start":{},"end":{}}],"line":39},"4":{"loc":{"start":{"line":49,"column":4},"end":{"line":51,"column":5}},"type":"if","locations":[{"start":{"line":49,"column":4},"end":{"line":51,"column":5}},{"start":{},"end":{}}],"line":49},"5":{"loc":{"start":{"line":53,"column":4},"end":{"line":57,"column":5}},"type":"if","locations":[{"start":{"line":53,"column":4},"end":{"line":57,"column":5}},{"start":{"line":55,"column":9},"end":{"line":57,"column":5}}],"line":53}},"s":{"0":4,"1":4,"2":4,"3":72,"4":72,"5":72,"6":63,"7":63,"8":63,"9":63,"10":72,"11":20,"12":20,"13":20,"14":20,"15":6,"16":6,"17":14,"18":4,"19":4,"20":10,"21":10,"22":1,"23":9,"24":7,"25":2,"26":9,"27":9,"28":9,"29":4},"f":{"0":72,"1":63,"2":72,"3":20,"4":20,"5":10,"6":9},"b":{"0":[72,63],"1":[72,63],"2":[6,14],"3":[4,10],"4":[1,9],"5":[7,2]},"_coverageSchema":"1a1c01bbd47fc00a2c39e90264f33305004495a9","hash":"22c84b2d93b1a419115ccf13883fbf9db5289695"}
}
