TN:
SF:config.js
FNF:0
FNH:0
DA:1,5
DA:2,5
DA:3,5
DA:5,5
DA:6,5
DA:8,5
DA:17,5
LF:7
LH:7
BRF:0
BRH:0
end_of_record
TN:
SF:blockchain\block.js
FN:6,(anonymous_0)
FN:15,(anonymous_1)
FN:19,(anonymous_2)
FN:45,(anonymous_3)
FNF:4
FNH:4
FNDA:95,(anonymous_0)
FNDA:56,(anonymous_1)
FNDA:37,(anonymous_2)
FNDA:374,(anonymous_3)
DA:1,4
DA:2,4
DA:3,4
DA:7,95
DA:8,95
DA:9,95
DA:10,95
DA:11,95
DA:12,95
DA:16,56
DA:22,37
DA:23,37
DA:25,37
DA:27,37
DA:28,371
DA:29,371
DA:30,371
DA:31,371
DA:35,37
DA:46,374
DA:47,374
DA:48,373
DA:49,285
DA:53,4
LF:24
LH:24
BRDA:47,0,0,1
BRDA:47,0,1,373
BRDA:48,1,0,88
BRDA:48,1,1,285
BRF:4
BRH:4
end_of_record
TN:
SF:blockchain\index.js
FN:8,(anonymous_0)
FN:12,(anonymous_1)
FN:20,(anonymous_2)
FN:48,(anonymous_3)
FN:69,(anonymous_4)
FNF:5
FNH:5
FNDA:44,(anonymous_0)
FNDA:36,(anonymous_1)
FNDA:9,(anonymous_2)
FNDA:5,(anonymous_3)
FNDA:6,(anonymous_4)
DA:1,3
DA:2,3
DA:3,3
DA:4,3
DA:5,3
DA:9,44
DA:13,36
DA:17,36
DA:21,9
DA:22,1
DA:25,8
DA:26,16
DA:27,16
DA:28,16
DA:37,16
DA:39,16
DA:40,15
DA:41,14
DA:44,3
DA:49,5
DA:50,1
DA:51,1
DA:54,4
DA:55,2
DA:56,2
DA:59,2
DA:60,1
DA:61,1
DA:64,1
DA:65,1
DA:66,1
DA:70,6
DA:71,6
DA:73,6
DA:76,6
DA:78,6
DA:79,11
DA:80,4
DA:81,4
DA:82,1
DA:83,1
DA:85,3
DA:86,1
DA:87,1
DA:90,7
DA:91,1
DA:92,1
DA:95,6
DA:100,6
DA:101,1
DA:102,1
DA:104,5
DA:105,1
DA:106,1
DA:108,4
DA:114,1
DA:118,3
LF:57
LH:57
BRDA:21,0,0,1
BRDA:21,0,1,8
BRDA:39,1,0,1
BRDA:39,1,1,15
BRDA:40,2,0,1
BRDA:40,2,1,14
BRDA:41,3,0,3
BRDA:41,3,1,11
BRDA:49,4,0,1
BRDA:49,4,1,4
BRDA:54,5,0,2
BRDA:54,5,1,2
BRDA:59,6,0,1
BRDA:59,6,1,1
BRDA:59,7,0,2
BRDA:59,7,1,1
BRDA:64,8,0,0
BRDA:64,8,1,1
BRDA:79,9,0,4
BRDA:79,9,1,7
BRDA:81,10,0,1
BRDA:81,10,1,3
BRDA:85,11,0,1
BRDA:85,11,1,2
BRDA:90,12,0,1
BRDA:90,12,1,6
BRDA:100,13,0,1
BRDA:100,13,1,5
BRDA:104,14,0,1
BRDA:104,14,1,4
BRF:30
BRH:29
end_of_record
TN:
SF:util\crypto-hash.js
FN:4,(anonymous_0)
FN:6,(anonymous_1)
FNF:2
FNH:2
FNDA:488,(anonymous_0)
FNDA:2040,(anonymous_1)
DA:1,6
DA:4,6
DA:5,488
DA:6,2040
DA:7,488
DA:12,6
LF:6
LH:6
BRF:0
BRH:0
end_of_record
TN:
SF:util\index.js
FN:6,(anonymous_0)
FNF:1
FNH:1
FNDA:17,(anonymous_0)
DA:1,4
DA:2,4
DA:4,4
DA:6,4
DA:7,17
DA:8,17
DA:11,4
LF:7
LH:7
BRF:0
BRH:0
end_of_record
TN:
SF:wallet\index.js
FN:8,(anonymous_0)
FN:14,(anonymous_1)
FN:18,(anonymous_2)
FN:30,(anonymous_3)
FNF:4
FNH:4
FNDA:66,(anonymous_0)
FNDA:79,(anonymous_1)
FNDA:27,(anonymous_2)
FNDA:10,(anonymous_3)
DA:1,4
DA:2,4
DA:3,4
DA:4,4
DA:9,66
DA:10,66
DA:11,66
DA:15,79
DA:19,27
DA:20,1
DA:24,27
DA:25,1
DA:27,26
DA:31,10
DA:32,10
DA:34,10
DA:35,4
DA:37,4
DA:38,6
DA:39,2
DA:41,6
DA:42,6
DA:43,6
DA:47,4
DA:48,2
DA:52,10
DA:56,4
LF:27
LH:27
BRDA:19,0,0,1
BRDA:19,0,1,26
BRDA:24,1,0,1
BRDA:24,1,1,26
BRDA:38,2,0,2
BRDA:38,2,1,4
BRDA:42,3,0,6
BRDA:42,3,1,0
BRDA:47,4,0,2
BRDA:47,4,1,2
BRDA:52,5,0,2
BRDA:52,5,1,8
BRF:12
BRH:11
end_of_record
TN:
SF:wallet\transaction-pool.js
FN:4,(anonymous_0)
FN:8,(anonymous_1)
FN:12,(anonymous_2)
FN:14,(anonymous_3)
FN:17,(anonymous_4)
FN:21,(anonymous_5)
FN:22,(anonymous_6)
FN:25,(anonymous_7)
FN:29,(anonymous_8)
FNF:9
FNH:8
FNDA:5,(anonymous_0)
FNDA:18,(anonymous_1)
FNDA:1,(anonymous_2)
FNDA:1,(anonymous_3)
FNDA:0,(anonymous_4)
FNDA:1,(anonymous_5)
FNDA:10,(anonymous_6)
FNDA:1,(anonymous_7)
FNDA:1,(anonymous_8)
DA:1,1
DA:5,5
DA:9,18
DA:13,1
DA:14,1
DA:18,0
DA:22,10
DA:26,1
DA:30,1
DA:31,4
DA:32,4
DA:33,3
DA:34,3
DA:42,1
LF:14
LH:13
BRDA:33,0,0,3
BRDA:33,0,1,0
BRF:2
BRH:1
end_of_record
TN:
SF:wallet\transaction.js
FN:6,(anonymous_0)
FN:12,(anonymous_1)
FN:21,(anonymous_2)
FN:30,(anonymous_3)
FN:32,(anonymous_4)
FN:48,(anonymous_5)
FN:63,(anonymous_6)
FNF:7
FNH:7
FNDA:72,(anonymous_0)
FNDA:63,(anonymous_1)
FNDA:72,(anonymous_2)
FNDA:20,(anonymous_3)
FNDA:20,(anonymous_4)
FNDA:10,(anonymous_5)
FNDA:9,(anonymous_6)
DA:1,4
DA:2,4
DA:3,4
DA:7,72
DA:8,72
DA:9,72
DA:13,63
DA:15,63
DA:16,63
DA:18,63
DA:22,72
DA:31,20
DA:32,20
DA:34,20
DA:35,6
DA:36,6
DA:39,14
DA:40,4
DA:41,4
DA:44,10
DA:49,10
DA:50,1
DA:53,9
DA:54,7
DA:56,2
DA:58,9
DA:60,9
DA:64,9
DA:71,4
LF:29
LH:29
BRDA:8,0,0,72
BRDA:8,0,1,63
BRDA:9,1,0,72
BRDA:9,1,1,63
BRDA:34,2,0,6
BRDA:34,2,1,14
BRDA:39,3,0,4
BRDA:39,3,1,10
BRDA:49,4,0,1
BRDA:49,4,1,9
BRDA:53,5,0,7
BRDA:53,5,1,2
BRF:12
BRH:12
end_of_record
